2025-03-15 20:11:39,303 [Worker-4: Loading available Gradle versions] INFO  o.e.b.c.i.u.g.PublishedGradleVersions - Gradle version information cache is up-to-date. Trying to read.
2025-03-15 20:12:10,012 [Worker-5: Importing Maven projects] INFO  o.e.m.c.i.l.LifecycleMappingFactory - Using org.eclipse.m2e.jdt.JarLifecycleMapping lifecycle mapping for MavenProject: com.sa.sls:brservice:0.0.1-SNAPSHOT @ C:\Users\abhis\Masters\Modules\Sem 2\CS5722 - Software Architecture\Project\Backend\BankRepresentative-Service\brservice\pom.xml.
2025-03-15 20:12:11,132 [Worker-5: Importing Maven projects] INFO  o.e.m.j.i.AbstractJavaProjectConfigurator - Adding source folder /brservice/src/main/java
2025-03-15 20:12:11,134 [Worker-5: Importing Maven projects] INFO  o.e.m.j.i.AbstractJavaProjectConfigurator - Adding resource folder /brservice/src/main/resources
2025-03-15 20:12:11,140 [Worker-5: Importing Maven projects] INFO  o.e.m.j.i.AbstractJavaProjectConfigurator - Adding resource folder /brservice/src/main/resources
2025-03-15 20:12:11,145 [Worker-5: Importing Maven projects] INFO  o.e.m.j.i.AbstractJavaProjectConfigurator - Adding source folder /brservice/src/test/java
2025-03-15 20:12:11,146 [Worker-5: Importing Maven projects] INFO  o.e.m.j.i.AbstractJavaProjectConfigurator - Adding resource folder /brservice/src/test/resources
2025-03-15 20:12:11,859 [Worker-5: Importing Maven projects] INFO  o.e.m.c.i.p.ProjectConfigurationManager - Imported and configured 1 project(s) in 4 sec
2025-03-15 20:12:13,070 [Worker-14: Building] INFO  o.a.m.s.f.DefaultMavenResourcesFiltering - Copying 1 resource from src\main\resources to target\classes
2025-03-15 20:12:13,091 [Worker-14: Building] INFO  o.a.m.s.f.DefaultMavenResourcesFiltering - Copying 0 resource from src\main\resources to target\classes
2025-03-15 20:12:13,098 [Worker-14: Building] INFO  o.a.m.s.f.DefaultMavenResourcesFiltering - skip non existing resourceDirectory C:\Users\abhis\Masters\Modules\Sem 2\CS5722 - Software Architecture\Project\Backend\BankRepresentative-Service\brservice\src\test\resources
2025-03-15 20:18:53,076 [Worker-19: Building] INFO  o.e.m.c.i.l.LifecycleMappingFactory - Using org.eclipse.m2e.jdt.JarLifecycleMapping lifecycle mapping for MavenProject: com.sa.sls:brservice:0.0.1-SNAPSHOT @ C:\Users\abhis\Masters\Modules\Sem 2\CS5722 - Software Architecture\Project\Backend\BankRepresentative-Service\brservice\pom.xml.
2025-03-15 20:18:57,140 [Worker-19: Building] INFO  o.a.m.s.f.DefaultMavenResourcesFiltering - Copying 0 resource from src\main\resources to target\classes
2025-03-15 20:18:57,145 [Worker-19: Building] INFO  o.a.m.s.f.DefaultMavenResourcesFiltering - Copying 0 resource from src\main\resources to target\classes
2025-03-15 20:18:57,175 [Worker-19: Building] INFO  o.a.m.s.f.DefaultMavenResourcesFiltering - skip non existing resourceDirectory C:\Users\abhis\Masters\Modules\Sem 2\CS5722 - Software Architecture\Project\Backend\BankRepresentative-Service\brservice\src\test\resources
2025-03-15 20:19:01,141 [Worker-9: Building] INFO  o.a.m.s.f.DefaultMavenResourcesFiltering - Copying 1 resource from src\main\resources to target\classes
2025-03-15 20:19:01,489 [Worker-9: Building] INFO  o.a.m.s.f.DefaultMavenResourcesFiltering - Copying 0 resource from src\main\resources to target\classes
2025-03-15 20:19:01,492 [Worker-9: Building] INFO  o.a.m.s.f.DefaultMavenResourcesFiltering - skip non existing resourceDirectory C:\Users\abhis\Masters\Modules\Sem 2\CS5722 - Software Architecture\Project\Backend\BankRepresentative-Service\brservice\src\test\resources
2025-03-15 20:59:33,082 [Worker-29: Building] INFO  o.a.m.s.f.DefaultMavenResourcesFiltering - Copying 1 resource from src\main\resources to target\classes
2025-03-15 20:59:33,314 [Worker-29: Building] INFO  o.a.m.s.f.DefaultMavenResourcesFiltering - Copying 0 resource from src\main\resources to target\classes
2025-03-15 20:59:33,321 [Worker-29: Building] INFO  o.a.m.s.f.DefaultMavenResourcesFiltering - skip non existing resourceDirectory C:\Users\abhis\Masters\Modules\Sem 2\CS5722 - Software Architecture\Project\Backend\BankRepresentative-Service\brservice\src\test\resources
